<?xml version="1.0" encoding="UTF-8"?>
<!-- Generated by org.testng.reporters.JUnitReportReporter -->
<testsuite hostname="LAPTOP-7R0J3O1P" failures="0" tests="2" name="com.mystore.testcases.TC_MyAccountPageTest" time="19.614" errors="0" timestamp="2022-10-22T13:19:48 IST" skipped="0">
  <testcase classname="com.mystore.testcases.TC_MyAccountPageTest" name="verifyUserLogin" time="4.960"/>
  <system-out/>
  <testcase classname="com.mystore.testcases.TC_MyAccountPageTest" name="VerifyRegistrationAndLogin" time="14.654"/>
  <system-out/>
</testsuite> <!-- com.mystore.testcases.TC_MyAccountPageTest -->
