<?xml version="1.0" encoding="UTF-8"?>
<!-- Generated by org.testng.reporters.JUnitReportReporter -->
<testsuite hostname="LAPTOP-7R0J3O1P" failures="0" tests="4" name="com.mystore.testcases.TC_ProductPageTest" time="3.115" errors="0" timestamp="2022-10-29T23:21:17 IST" skipped="3">
  <testcase classname="com.mystore.testcases.TC_ProductPageTest" name="verifyAddToWishlistWithoutLogin" time="3.115"/>
  <system-out/>
  <testcase classname="com.mystore.testcases.TC_ProductPageTest" name="verifySearchProduct">
    <skipped/>
  </testcase> <!-- verifySearchProduct -->
  <system-out/>
  <testcase classname="com.mystore.testcases.TC_ProductPageTest" name="verifyBuyProduct">
    <skipped/>
  </testcase> <!-- verifyBuyProduct -->
  <system-out/>
  <testcase classname="com.mystore.testcases.TC_ProductPageTest" name="verifySignOut">
    <skipped/>
  </testcase> <!-- verifySignOut -->
  <system-out/>
</testsuite> <!-- com.mystore.testcases.TC_ProductPageTest -->
