<?xml version="1.0" encoding="UTF-8"?>
<!-- Generated by org.testng.reporters.JUnitReportReporter -->
<testsuite skipped="3" hostname="LAPTOP-7R0J3O1P" name="com.mystore.testcases.TC_ProductPageTest" tests="4" failures="0" timestamp="2022-11-05T20:22:27 IST" time="3.807" errors="0">
  <testcase name="verifyAddToWishlistWithoutLogin" time="3.807" classname="com.mystore.testcases.TC_ProductPageTest"/>
  <system-out/>
  <testcase name="verifySearchProduct" classname="com.mystore.testcases.TC_ProductPageTest">
    <skipped/>
  </testcase> <!-- verifySearchProduct -->
  <system-out/>
  <testcase name="verifyBuyProduct" classname="com.mystore.testcases.TC_ProductPageTest">
    <skipped/>
  </testcase> <!-- verifyBuyProduct -->
  <system-out/>
  <testcase name="verifySignOut" classname="com.mystore.testcases.TC_ProductPageTest">
    <skipped/>
  </testcase> <!-- verifySignOut -->
  <system-out/>
</testsuite> <!-- com.mystore.testcases.TC_ProductPageTest -->
